1711598154.873178 client started (212175): version 3.4, socket /tmp/tmux-1000/default, protocol 8
1711598154.873226 on Linux 6.8.1-arch1-1 #1 SMP PREEMPT_DYNAMIC Sat, 16 Mar 2024 17:15:35 +0000
1711598154.873237 using libevent 2.1.12-stable poll
1711598154.873243 using ncurses 6.4 20230520
1711598154.873276 flags are 0x10010000
1711598154.873308 socket is /tmp/tmux-1000/default
1711598154.873328 trying connect
1711598154.873448 add peer 0x60c55cae90e0: 6 ((nil))
1711598154.873989 sending message 100 to peer 0x60c55cae90e0 (4 bytes)
1711598154.873999 sending message 111 to peer 0x60c55cae90e0 (8 bytes)
1711598154.874005 sending message 101 to peer 0x60c55cae90e0 (16 bytes)
1711598154.874011 sending message 109 to peer 0x60c55cae90e0 (4 bytes)
1711598154.874017 sending message 102 to peer 0x60c55cae90e0 (11 bytes)
1711598154.874023 sending message 108 to peer 0x60c55cae90e0 (44 bytes)
1711598154.874029 sending message 112 to peer 0x60c55cae90e0 (70 bytes)
1711598154.874035 sending message 112 to peer 0x60c55cae90e0 (5 bytes)
1711598154.874040 sending message 112 to peer 0x60c55cae90e0 (5 bytes)
1711598154.874046 sending message 112 to peer 0x60c55cae90e0 (6 bytes)
1711598154.874052 sending message 112 to peer 0x60c55cae90e0 (6 bytes)
1711598154.874058 sending message 112 to peer 0x60c55cae90e0 (11 bytes)
1711598154.874063 sending message 112 to peer 0x60c55cae90e0 (10 bytes)
1711598154.874069 sending message 112 to peer 0x60c55cae90e0 (13 bytes)
1711598154.874075 sending message 112 to peer 0x60c55cae90e0 (13 bytes)
1711598154.874080 sending message 112 to peer 0x60c55cae90e0 (18 bytes)
1711598154.874086 sending message 112 to peer 0x60c55cae90e0 (11 bytes)
1711598154.874091 sending message 112 to peer 0x60c55cae90e0 (21 bytes)
1711598154.874097 sending message 112 to peer 0x60c55cae90e0 (13 bytes)
1711598154.874102 sending message 112 to peer 0x60c55cae90e0 (7 bytes)
1711598154.874108 sending message 112 to peer 0x60c55cae90e0 (13 bytes)
1711598154.874114 sending message 112 to peer 0x60c55cae90e0 (7 bytes)
1711598154.874119 sending message 112 to peer 0x60c55cae90e0 (13 bytes)
1711598154.874125 sending message 112 to peer 0x60c55cae90e0 (9 bytes)
1711598154.874130 sending message 112 to peer 0x60c55cae90e0 (21 bytes)
1711598154.874136 sending message 112 to peer 0x60c55cae90e0 (13 bytes)
1711598154.874142 sending message 112 to peer 0x60c55cae90e0 (8 bytes)
1711598154.874147 sending message 112 to peer 0x60c55cae90e0 (12 bytes)
1711598154.874153 sending message 112 to peer 0x60c55cae90e0 (13 bytes)
1711598154.874158 sending message 112 to peer 0x60c55cae90e0 (9 bytes)
1711598154.874164 sending message 112 to peer 0x60c55cae90e0 (9 bytes)
1711598154.874170 sending message 112 to peer 0x60c55cae90e0 (12 bytes)
1711598154.874175 sending message 112 to peer 0x60c55cae90e0 (8 bytes)
1711598154.874181 sending message 112 to peer 0x60c55cae90e0 (7 bytes)
1711598154.874186 sending message 112 to peer 0x60c55cae90e0 (7 bytes)
1711598154.874192 sending message 112 to peer 0x60c55cae90e0 (9 bytes)
1711598154.874198 sending message 112 to peer 0x60c55cae90e0 (13 bytes)
1711598154.874203 sending message 112 to peer 0x60c55cae90e0 (9 bytes)
1711598154.874209 sending message 112 to peer 0x60c55cae90e0 (15 bytes)
1711598154.874214 sending message 112 to peer 0x60c55cae90e0 (13 bytes)
1711598154.874220 sending message 112 to peer 0x60c55cae90e0 (12 bytes)
1711598154.874225 sending message 112 to peer 0x60c55cae90e0 (8 bytes)
1711598154.874231 sending message 112 to peer 0x60c55cae90e0 (14 bytes)
1711598154.874237 sending message 112 to peer 0x60c55cae90e0 (9 bytes)
1711598154.874242 sending message 112 to peer 0x60c55cae90e0 (10 bytes)
1711598154.874248 sending message 112 to peer 0x60c55cae90e0 (10 bytes)
1711598154.874253 sending message 112 to peer 0x60c55cae90e0 (10 bytes)
1711598154.874259 sending message 112 to peer 0x60c55cae90e0 (10 bytes)
1711598154.874265 sending message 112 to peer 0x60c55cae90e0 (11 bytes)
1711598154.874271 sending message 112 to peer 0x60c55cae90e0 (10 bytes)
1711598154.874276 sending message 112 to peer 0x60c55cae90e0 (8 bytes)
1711598154.874295 sending message 112 to peer 0x60c55cae90e0 (11 bytes)
1711598154.874301 sending message 112 to peer 0x60c55cae90e0 (11 bytes)
1711598154.874307 sending message 112 to peer 0x60c55cae90e0 (11 bytes)
1711598154.874313 sending message 112 to peer 0x60c55cae90e0 (8 bytes)
1711598154.874319 sending message 112 to peer 0x60c55cae90e0 (8 bytes)
1711598154.874324 sending message 112 to peer 0x60c55cae90e0 (8 bytes)
1711598154.874330 sending message 112 to peer 0x60c55cae90e0 (10 bytes)
1711598154.874336 sending message 112 to peer 0x60c55cae90e0 (10 bytes)
1711598154.874341 sending message 112 to peer 0x60c55cae90e0 (10 bytes)
1711598154.874347 sending message 112 to peer 0x60c55cae90e0 (10 bytes)
1711598154.874353 sending message 112 to peer 0x60c55cae90e0 (10 bytes)
1711598154.874359 sending message 112 to peer 0x60c55cae90e0 (11 bytes)
1711598154.874364 sending message 112 to peer 0x60c55cae90e0 (11 bytes)
1711598154.874370 sending message 112 to peer 0x60c55cae90e0 (10 bytes)
1711598154.874376 sending message 112 to peer 0x60c55cae90e0 (9 bytes)
1711598154.874381 sending message 112 to peer 0x60c55cae90e0 (9 bytes)
1711598154.874387 sending message 112 to peer 0x60c55cae90e0 (12 bytes)
1711598154.874392 sending message 112 to peer 0x60c55cae90e0 (9 bytes)
1711598154.874398 sending message 112 to peer 0x60c55cae90e0 (6 bytes)
1711598154.874404 sending message 112 to peer 0x60c55cae90e0 (13 bytes)
1711598154.874410 sending message 112 to peer 0x60c55cae90e0 (8 bytes)
1711598154.874415 sending message 112 to peer 0x60c55cae90e0 (15 bytes)
1711598154.874421 sending message 112 to peer 0x60c55cae90e0 (13 bytes)
1711598154.874427 sending message 112 to peer 0x60c55cae90e0 (70 bytes)
1711598154.874432 sending message 112 to peer 0x60c55cae90e0 (69 bytes)
1711598154.874438 sending message 112 to peer 0x60c55cae90e0 (10 bytes)
1711598154.874444 sending message 112 to peer 0x60c55cae90e0 (8 bytes)
1711598154.874450 sending message 112 to peer 0x60c55cae90e0 (15 bytes)
1711598154.874455 sending message 112 to peer 0x60c55cae90e0 (13 bytes)
1711598154.874461 sending message 112 to peer 0x60c55cae90e0 (10 bytes)
1711598154.874466 sending message 112 to peer 0x60c55cae90e0 (10 bytes)
1711598154.874472 sending message 112 to peer 0x60c55cae90e0 (5 bytes)
1711598154.874478 sending message 112 to peer 0x60c55cae90e0 (15 bytes)
1711598154.874485 sending message 104 to peer 0x60c55cae90e0 (0 bytes)
1711598154.874491 sending message 110 to peer 0x60c55cae90e0 (0 bytes)
1711598154.874497 sending message 107 to peer 0x60c55cae90e0 (4 bytes)
1711598154.874503 sending message 105 to peer 0x60c55cae90e0 (40 bytes)
1711598154.874509 sending message 105 to peer 0x60c55cae90e0 (64 bytes)
1711598154.874515 sending message 105 to peer 0x60c55cae90e0 (35 bytes)
1711598154.874520 sending message 105 to peer 0x60c55cae90e0 (20 bytes)
1711598154.874526 sending message 105 to peer 0x60c55cae90e0 (54 bytes)
1711598154.874532 sending message 105 to peer 0x60c55cae90e0 (50 bytes)
1711598154.874538 sending message 105 to peer 0x60c55cae90e0 (25 bytes)
1711598154.874543 sending message 105 to peer 0x60c55cae90e0 (11 bytes)
1711598154.874549 sending message 105 to peer 0x60c55cae90e0 (23 bytes)
1711598154.874555 sending message 105 to peer 0x60c55cae90e0 (17 bytes)
1711598154.874560 sending message 105 to peer 0x60c55cae90e0 (22 bytes)
1711598154.874566 sending message 105 to peer 0x60c55cae90e0 (80 bytes)
1711598154.874572 sending message 105 to peer 0x60c55cae90e0 (17 bytes)
1711598154.874578 sending message 105 to peer 0x60c55cae90e0 (25 bytes)
1711598154.874583 sending message 105 to peer 0x60c55cae90e0 (14 bytes)
1711598154.874589 sending message 105 to peer 0x60c55cae90e0 (27 bytes)
1711598154.874595 sending message 105 to peer 0x60c55cae90e0 (15 bytes)
1711598154.874600 sending message 105 to peer 0x60c55cae90e0 (21 bytes)
1711598154.874606 sending message 105 to peer 0x60c55cae90e0 (46 bytes)
1711598154.874612 sending message 105 to peer 0x60c55cae90e0 (12 bytes)
1711598154.874618 sending message 105 to peer 0x60c55cae90e0 (172 bytes)
1711598154.874632 sending message 105 to peer 0x60c55cae90e0 (48 bytes)
1711598154.874638 sending message 105 to peer 0x60c55cae90e0 (27 bytes)
1711598154.874644 sending message 105 to peer 0x60c55cae90e0 (15 bytes)
1711598154.874649 sending message 105 to peer 0x60c55cae90e0 (8 bytes)
1711598154.874655 sending message 105 to peer 0x60c55cae90e0 (21 bytes)
1711598154.874661 sending message 105 to peer 0x60c55cae90e0 (18 bytes)
1711598154.874666 sending message 105 to peer 0x60c55cae90e0 (25 bytes)
1711598154.874672 sending message 105 to peer 0x60c55cae90e0 (37 bytes)
1711598154.874678 sending message 105 to peer 0x60c55cae90e0 (13 bytes)
1711598154.874683 sending message 105 to peer 0x60c55cae90e0 (11 bytes)
1711598154.874689 sending message 105 to peer 0x60c55cae90e0 (26 bytes)
1711598154.874694 sending message 105 to peer 0x60c55cae90e0 (24 bytes)
1711598154.874700 sending message 105 to peer 0x60c55cae90e0 (26 bytes)
1711598154.874706 sending message 105 to peer 0x60c55cae90e0 (16 bytes)
1711598154.874711 sending message 105 to peer 0x60c55cae90e0 (20 bytes)
1711598154.874717 sending message 105 to peer 0x60c55cae90e0 (34 bytes)
1711598154.874723 sending message 105 to peer 0x60c55cae90e0 (36 bytes)
1711598154.874728 sending message 105 to peer 0x60c55cae90e0 (29 bytes)
1711598154.874734 sending message 105 to peer 0x60c55cae90e0 (120 bytes)
1711598154.874740 sending message 105 to peer 0x60c55cae90e0 (39 bytes)
1711598154.874746 sending message 105 to peer 0x60c55cae90e0 (31 bytes)
1711598154.874751 sending message 105 to peer 0x60c55cae90e0 (15 bytes)
1711598154.874757 sending message 105 to peer 0x60c55cae90e0 (52 bytes)
1711598154.874763 sending message 105 to peer 0x60c55cae90e0 (23 bytes)
1711598154.874768 sending message 105 to peer 0x60c55cae90e0 (21 bytes)
1711598154.874774 sending message 105 to peer 0x60c55cae90e0 (17 bytes)
1711598154.874780 sending message 105 to peer 0x60c55cae90e0 (58 bytes)
1711598154.874785 sending message 105 to peer 0x60c55cae90e0 (25 bytes)
1711598154.874791 sending message 105 to peer 0x60c55cae90e0 (11 bytes)
1711598154.874797 sending message 105 to peer 0x60c55cae90e0 (18 bytes)
1711598154.874802 sending message 105 to peer 0x60c55cae90e0 (37 bytes)
1711598154.874808 sending message 105 to peer 0x60c55cae90e0 (52 bytes)
1711598154.874814 sending message 105 to peer 0x60c55cae90e0 (32 bytes)
1711598154.874819 sending message 105 to peer 0x60c55cae90e0 (37 bytes)
1711598154.874825 sending message 105 to peer 0x60c55cae90e0 (16 bytes)
1711598154.874831 sending message 105 to peer 0x60c55cae90e0 (30 bytes)
1711598154.874836 sending message 105 to peer 0x60c55cae90e0 (24 bytes)
1711598154.874842 sending message 105 to peer 0x60c55cae90e0 (20 bytes)
1711598154.874847 sending message 105 to peer 0x60c55cae90e0 (33 bytes)
1711598154.874853 sending message 105 to peer 0x60c55cae90e0 (10 bytes)
1711598154.874859 sending message 106 to peer 0x60c55cae90e0 (0 bytes)
1711598154.874939 sending message 200 to peer 0x60c55cae90e0 (4 bytes)
1711598154.874945 client loop enter
1711598154.878987 peer 0x60c55cae90e0 message 303
1711598154.879003 open write file 2 -
1711598154.879015 sending message 305 to peer 0x60c55cae90e0 (8 bytes)
1711598154.879030 write check file 2
1711598154.879220 peer 0x60c55cae90e0 message 304
1711598154.879227 write 58 to file 2
1711598154.879242 peer 0x60c55cae90e0 message 203
1711598154.879248 file 2 58 bytes left
1711598154.879274 write check file 2
1711598154.879281 client loop exit
