2024-02-28 16:58:48 Loading main app package /tmp/.mount_ObsidihmzqcA/resources/obsidian.asar
2024-02-28 16:58:49 Checking for update using Github
2024-02-28 16:58:49 Success.
2024-02-28 16:58:49 Latest version is 1.5.8
2024-02-28 16:58:49 App is up to date.
2024-02-28 17:00:32 Loading main app package /tmp/.mount_ObsidiliYNPL/resources/obsidian.asar
2024-02-28 17:00:33 Checking for update using Github
2024-02-28 17:00:33 Success.
2024-02-28 17:00:33 Latest version is 1.5.8
2024-02-28 17:00:33 App is up to date.
2024-02-29 02:49:55 Loading main app package /tmp/.mount_ObsidiSQaPtE/resources/obsidian.asar
2024-02-29 02:49:57 Checking for update using Github
2024-02-29 02:49:57 Success.
2024-02-29 02:49:57 Latest version is 1.5.8
2024-02-29 02:49:57 App is up to date.
2024-02-29 11:03:54 Loading main app package /tmp/.mount_ObsidiBdzytz/resources/obsidian.asar
2024-02-29 11:03:55 Checking for update using Github
2024-02-29 11:03:56 Success.
2024-02-29 11:03:56 Latest version is 1.5.8
2024-02-29 11:03:56 App is up to date.
2024-02-29 11:05:50 Loading main app package /tmp/.mount_ObsidiFVwEI1/resources/obsidian.asar
2024-02-29 11:05:51 Checking for update using Github
2024-02-29 11:05:51 Success.
2024-02-29 11:05:51 Latest version is 1.5.8
2024-02-29 11:05:51 App is up to date.
